2024-02-15 11:32:59,057 [INFO] Activator:176 - 


2024-02-15 11:32:59,057 [INFO] Activator:177 - !SESSION log4j initialized
2024-02-15 11:33:01,484 [INFO] LogOutputStream:77 - [STDOUT_REDIRECT] 
2024-02-15 11:33:16,699 [INFO] ApplicationProperties:184 - Using Application install path: C:\ST\STM32CubeIDE_1.12.1\STM32CubeIDE\plugins\com.st.stm32cube.common.mx_6.10.0.202311202037
2024-02-15 11:33:16,719 [INFO] DbMcusXml:78 - Set database path to: C:\ST\STM32CubeIDE_1.12.1\STM32CubeIDE\plugins\com.st.stm32cube.common.mx_6.10.0.202311202037\\db\/mcu/
2024-02-15 11:33:16,719 [INFO] ApiDb:274 - Set plugin database path to: C:\ST\STM32CubeIDE_1.12.1\STM32CubeIDE\plugins\com.st.stm32cube.common.mx_6.10.0.202311202037\\db\/plugins/boardmanager/
2024-02-15 11:33:16,720 [WARN] ApiDb:259 - Overriding images path with different value:  => C:\ST\STM32CubeIDE_1.12.1\STM32CubeIDE\plugins\com.st.stm32cube.common.mx_6.10.0.202311202037\\db\/plugins/mcufinder/images/
2024-02-15 11:33:16,731 [INFO] ApiDb:250 - Set database path to: C:\Users\chipi\.stmcufinder\plugins\mcufinder//mcu/
2024-02-15 11:33:16,732 [INFO] DbMcusAds:125 - Set database path to: C:\Users\chipi\.stmcufinder\plugins\mcufinder//mcu/
2024-02-15 11:33:16,740 [INFO] CrossReferenceDbSqlite:203 - Set database path to: C:\Users\chipi\.stmcufinder\plugins\mcufinder//mcu/cs/
2024-02-15 11:33:16,843 [INFO] RulesReader:64 - Compatibility file has been processed (297 Rules)
2024-02-15 11:33:16,931 [INFO] DbMcusXml:78 - Set database path to: C:\ST\STM32CubeIDE_1.12.1\STM32CubeIDE\plugins\com.st.stm32cube.common.mx_6.10.0.202311202037\\db\/mcu/
2024-02-15 11:33:16,933 [INFO] ApiDb:274 - Set plugin database path to: C:\ST\STM32CubeIDE_1.12.1\STM32CubeIDE\plugins\com.st.stm32cube.common.mx_6.10.0.202311202037\\db\/plugins/boardmanager/
2024-02-15 11:33:16,933 [INFO] ApiDb:261 - Set plugin images path to: C:\ST\STM32CubeIDE_1.12.1\STM32CubeIDE\plugins\com.st.stm32cube.common.mx_6.10.0.202311202037\\db\/plugins/mcufinder/images/
2024-02-15 11:33:16,933 [WARN] DbFile:41 - Overriding database path with different value: C:\Users\chipi\.stmcufinder\plugins\mcufinder/ => C:\Users\chipi\.stmcufinder\plugins\mcufinder
2024-02-15 11:33:16,933 [INFO] ApiDb:250 - Set database path to: C:\Users\chipi\.stmcufinder\plugins\mcufinder//mcu/
2024-02-15 11:33:16,933 [WARN] DbFile:41 - Overriding database path with different value: C:\Users\chipi\.stmcufinder\plugins\mcufinder/ => C:\Users\chipi\.stmcufinder\plugins\mcufinder
2024-02-15 11:33:16,933 [INFO] DbMcusAds:125 - Set database path to: C:\Users\chipi\.stmcufinder\plugins\mcufinder//mcu/
2024-02-15 11:33:16,933 [WARN] DbFile:41 - Overriding database path with different value: C:\Users\chipi\.stmcufinder\plugins\mcufinder/ => C:\Users\chipi\.stmcufinder\plugins\mcufinder
2024-02-15 11:33:16,933 [WARN] DbFile:41 - Overriding database path with different value: C:\Users\chipi\.stmcufinder\plugins\mcufinder/ => C:\Users\chipi\.stmcufinder\plugins\mcufinder
2024-02-15 11:33:16,933 [INFO] CrossReferenceDbSqlite:203 - Set database path to: C:\Users\chipi\.stmcufinder\plugins\mcufinder//mcu/cs/
2024-02-15 11:33:17,004 [INFO] MainPanel:264 - HeapMemory: 268435456
2024-02-15 11:33:17,086 [INFO] DbMcusXml:78 - Set database path to: C:\ST\STM32CubeIDE_1.12.1\STM32CubeIDE\plugins\com.st.stm32cube.common.mx_6.10.0.202311202037\\db\/mcu/
2024-02-15 11:33:17,086 [INFO] ApiDb:274 - Set plugin database path to: C:\ST\STM32CubeIDE_1.12.1\STM32CubeIDE\plugins\com.st.stm32cube.common.mx_6.10.0.202311202037\\db\/plugins/boardmanager/
2024-02-15 11:33:17,086 [INFO] ApiDb:261 - Set plugin images path to: C:\ST\STM32CubeIDE_1.12.1\STM32CubeIDE\plugins\com.st.stm32cube.common.mx_6.10.0.202311202037\\db\/plugins/mcufinder/images/
2024-02-15 11:33:17,087 [WARN] DbFile:41 - Overriding database path with different value: C:\Users\chipi\.stmcufinder\plugins\mcufinder/ => C:\Users\chipi\.stmcufinder\plugins\mcufinder
2024-02-15 11:33:17,087 [INFO] ApiDb:250 - Set database path to: C:\Users\chipi\.stmcufinder\plugins\mcufinder//mcu/
2024-02-15 11:33:17,087 [WARN] DbFile:41 - Overriding database path with different value: C:\Users\chipi\.stmcufinder\plugins\mcufinder/ => C:\Users\chipi\.stmcufinder\plugins\mcufinder
2024-02-15 11:33:17,087 [INFO] DbMcusAds:125 - Set database path to: C:\Users\chipi\.stmcufinder\plugins\mcufinder//mcu/
2024-02-15 11:33:17,087 [WARN] DbFile:41 - Overriding database path with different value: C:\Users\chipi\.stmcufinder\plugins\mcufinder/ => C:\Users\chipi\.stmcufinder\plugins\mcufinder
2024-02-15 11:33:17,087 [WARN] DbFile:41 - Overriding database path with different value: C:\Users\chipi\.stmcufinder\plugins\mcufinder/ => C:\Users\chipi\.stmcufinder\plugins\mcufinder
2024-02-15 11:33:17,087 [INFO] CrossReferenceDbSqlite:203 - Set database path to: C:\Users\chipi\.stmcufinder\plugins\mcufinder//mcu/cs/
2024-02-15 11:33:17,104 [INFO] ApplicationProperties:184 - Using Application install path: C:\ST\STM32CubeIDE_1.12.1\STM32CubeIDE\plugins\com.st.stm32cube.common.mx_6.10.0.202311202037
2024-02-15 11:33:17,106 [INFO] PluginManage:196 - Search for loadable plugins [exclusion list=, ]
2024-02-15 11:33:17,107 [INFO] PluginManage:310 - Check plugin analytics
2024-02-15 11:33:17,239 [INFO] AnalyticsPlugin:253 - Accepted Software Licenses: STM32CubeMX.6.8.1,STM32CubeMX.6.10.0
2024-02-15 11:33:17,239 [INFO] AnalyticsPlugin:255 - Accepted CMSIS Pack Licenses: STMicroelectronics.X-CUBE-TOUCHGFX.4.23.0
2024-02-15 11:33:17,239 [INFO] AnalyticsPlugin:257 - Accepted Firmware Licenses: FW.F4.1.27.0,FW.WB.1.16.0,FW.WB.1.17.0,FW.G0.1.6.0
2024-02-15 11:33:17,241 [INFO] PluginManage:359 - Loaded plugin analytics (category:tool,tabindex:-1)
2024-02-15 11:33:17,242 [INFO] PluginManage:310 - Check plugin cadmodel
2024-02-15 11:33:17,248 [INFO] CADModel:105 - Init CAD model plugin
2024-02-15 11:33:17,248 [INFO] PluginManage:359 - Loaded plugin cadmodel (category:power,tabindex:5)
2024-02-15 11:33:17,248 [INFO] PluginManage:310 - Check plugin clock
2024-02-15 11:33:17,260 [INFO] PluginManage:359 - Loaded plugin clock (category:base,tabindex:2)
2024-02-15 11:33:17,260 [INFO] PluginManage:310 - Check plugin ddr
2024-02-15 11:33:17,263 [INFO] PluginManage:359 - Loaded plugin ddr (category:tool,tabindex:6)
2024-02-15 11:33:17,263 [INFO] PluginManage:310 - Check plugin filemanager
2024-02-15 11:33:17,423 [INFO] PluginManage:359 - Loaded plugin filemanager (category:base,tabindex:10)
2024-02-15 11:33:17,423 [INFO] PluginManage:310 - Check plugin ipmanager
2024-02-15 11:33:17,434 [INFO] PluginManage:359 - Loaded plugin ipmanager (category:base,tabindex:5)
2024-02-15 11:33:17,434 [INFO] PluginManage:310 - Check plugin lpbam
2024-02-15 11:33:17,442 [INFO] PluginManage:359 - Loaded plugin lpbam (category:base,tabindex:0)
2024-02-15 11:33:17,443 [INFO] PluginManage:310 - Check plugin memorymap
2024-02-15 11:33:17,460 [INFO] PluginManage:359 - Loaded plugin memorymap (category:base,tabindex:4)
2024-02-15 11:33:17,461 [INFO] PluginManage:310 - Check plugin pinoutandconfiguration
2024-02-15 11:33:17,470 [INFO] PluginManage:359 - Loaded plugin pinoutandconfiguration (category:base,tabindex:1)
2024-02-15 11:33:17,471 [INFO] PluginManage:310 - Check plugin pinoutconfig
2024-02-15 11:33:17,542 [WARN] SupportedApi:132 - Cannot load RTOS API schema: s4s-elt-must-match.1: The content of 'definitions' must match (annotation?, (simpleType | complexType)?, (unique | key | keyref)*)). A problem was found starting at: attribute.
2024-02-15 11:33:17,646 [INFO] PluginManage:359 - Loaded plugin pinoutconfig (category:base,tabindex:0)
2024-02-15 11:33:17,646 [INFO] PluginManage:310 - Check plugin power
2024-02-15 11:33:17,654 [INFO] PluginManage:359 - Loaded plugin power (category:power,tabindex:4)
2024-02-15 11:33:17,656 [INFO] PluginManage:310 - Check plugin projectmanager
2024-02-15 11:33:17,668 [INFO] PluginManage:359 - Loaded plugin projectmanager (category:projectmanager,tabindex:3)
2024-02-15 11:33:17,668 [INFO] PluginManage:310 - Check plugin thirdparty
2024-02-15 11:33:17,771 [INFO] PluginManage:359 - Loaded plugin thirdparty (category:base,tabindex:-1)
2024-02-15 11:33:17,771 [WARN] IntegrityCheckThread:84 - waiting for thirdparty lock release [integrity check]
2024-02-15 11:33:17,771 [INFO] PluginManage:310 - Check plugin tools
2024-02-15 11:33:17,771 [INFO] IntegrityCheckThread:86 - entering critical section [integrity check]
2024-02-15 11:33:17,772 [INFO] ThirdPartyUpdaterWithRetryManager:70 - Updater plugin not ready yet. [1/15]
2024-02-15 11:33:17,773 [INFO] PluginManage:359 - Loaded plugin tools (category:base,tabindex:7)
2024-02-15 11:33:17,773 [INFO] PluginManage:310 - Check plugin tutovideos
2024-02-15 11:33:17,926 [INFO] PluginManage:359 - Loaded plugin tutovideos (category:base,tabindex:-1)
2024-02-15 11:33:17,927 [INFO] PluginManage:310 - Check plugin updater
2024-02-15 11:33:17,936 [INFO] PluginManage:359 - Loaded plugin updater (category:base,tabindex:12)
2024-02-15 11:33:17,937 [INFO] PluginManage:310 - Check plugin userauth
2024-02-15 11:33:17,941 [INFO] UserAuth:114 - Init User Auth plugin
2024-02-15 11:33:17,941 [INFO] PluginManage:359 - Loaded plugin userauth (category:base,tabindex:14)
2024-02-15 11:33:17,942 [INFO] PluginManage:283 - PluginManage : Loaded plugins [17]
2024-02-15 11:33:18,117 [INFO] PinOutPanel:1499 - setPackage(No Configuration,No Configuration)
2024-02-15 11:33:18,177 [INFO] CADModel:165 - CPN selected for project level
2024-02-15 11:33:18,177 [INFO] CADModel:114 - Register for checkConnection events
2024-02-15 11:33:18,193 [INFO] IPUIPlugin:80 - create IPUIPlugin
2024-02-15 11:33:18,193 [INFO] PluginManager:220 - loadIPPluginJar : add adc
2024-02-15 11:33:18,195 [INFO] IPUIPlugin:80 - create IPUIPlugin
2024-02-15 11:33:18,196 [INFO] PluginManager:220 - loadIPPluginJar : add aes
2024-02-15 11:33:18,198 [INFO] IPUIPlugin:80 - create IPUIPlugin
2024-02-15 11:33:18,198 [INFO] PluginManager:220 - loadIPPluginJar : add can
2024-02-15 11:33:18,199 [INFO] IPUIPlugin:80 - create IPUIPlugin
2024-02-15 11:33:18,199 [INFO] PluginManager:220 - loadIPPluginJar : add comp
2024-02-15 11:33:18,202 [INFO] IPUIPlugin:80 - create IPUIPlugin
2024-02-15 11:33:18,202 [INFO] PluginManager:220 - loadIPPluginJar : add cryp
2024-02-15 11:33:18,205 [INFO] IPUIPlugin:80 - create IPUIPlugin
2024-02-15 11:33:18,205 [INFO] PluginManager:220 - loadIPPluginJar : add dfsdm
2024-02-15 11:33:18,210 [INFO] IPUIPlugin:80 - create IPUIPlugin
2024-02-15 11:33:18,210 [INFO] PluginManager:220 - loadIPPluginJar : add dma
2024-02-15 11:33:18,214 [INFO] IPUIPlugin:80 - create IPUIPlugin
2024-02-15 11:33:18,214 [INFO] PluginManager:220 - loadIPPluginJar : add dma3
2024-02-15 11:33:18,215 [INFO] IPUIPlugin:80 - create IPUIPlugin
2024-02-15 11:33:18,216 [INFO] PluginManager:220 - loadIPPluginJar : add fatfs
2024-02-15 11:33:18,219 [INFO] IPUIPlugin:80 - create IPUIPlugin
2024-02-15 11:33:18,219 [INFO] PluginManager:220 - loadIPPluginJar : add fmc
2024-02-15 11:33:18,224 [INFO] IPUIPlugin:80 - create IPUIPlugin
2024-02-15 11:33:18,225 [INFO] PluginManager:220 - loadIPPluginJar : add freertos
2024-02-15 11:33:18,225 [INFO] IPUIPlugin:80 - create IPUIPlugin
2024-02-15 11:33:18,225 [INFO] PluginManager:220 - loadIPPluginJar : add genericplugin
2024-02-15 11:33:18,228 [INFO] IPUIPlugin:80 - create IPUIPlugin
2024-02-15 11:33:18,228 [INFO] PluginManager:220 - loadIPPluginJar : add gfxmmu
2024-02-15 11:33:18,232 [INFO] IPUIPlugin:80 - create IPUIPlugin
2024-02-15 11:33:18,232 [INFO] PluginManager:220 - loadIPPluginJar : add gic
2024-02-15 11:33:18,235 [INFO] IPUIPlugin:80 - create IPUIPlugin
2024-02-15 11:33:18,235 [INFO] PluginManager:220 - loadIPPluginJar : add gpio
2024-02-15 11:33:18,237 [INFO] IPUIPlugin:80 - create IPUIPlugin
2024-02-15 11:33:18,237 [INFO] PluginManager:220 - loadIPPluginJar : add gtzc
2024-02-15 11:33:18,239 [INFO] IPUIPlugin:80 - create IPUIPlugin
2024-02-15 11:33:18,239 [INFO] PluginManager:220 - loadIPPluginJar : add hash
2024-02-15 11:33:18,241 [INFO] IPUIPlugin:80 - create IPUIPlugin
2024-02-15 11:33:18,241 [INFO] PluginManager:220 - loadIPPluginJar : add i2c
2024-02-15 11:33:18,243 [INFO] IPUIPlugin:80 - create IPUIPlugin
2024-02-15 11:33:18,244 [INFO] PluginManager:220 - loadIPPluginJar : add i2s
2024-02-15 11:33:18,246 [INFO] IPUIPlugin:80 - create IPUIPlugin
2024-02-15 11:33:18,247 [INFO] PluginManager:220 - loadIPPluginJar : add i3c
2024-02-15 11:33:18,248 [INFO] IPUIPlugin:80 - create IPUIPlugin
2024-02-15 11:33:18,248 [INFO] PluginManager:220 - loadIPPluginJar : add ipddr
2024-02-15 11:33:18,255 [INFO] IPUIPlugin:80 - create IPUIPlugin
2024-02-15 11:33:18,255 [INFO] PluginManager:220 - loadIPPluginJar : add linkedlist
2024-02-15 11:33:18,257 [INFO] IPUIPlugin:80 - create IPUIPlugin
2024-02-15 11:33:18,257 [INFO] PluginManager:220 - loadIPPluginJar : add lorawan
2024-02-15 11:33:18,259 [INFO] IPUIPlugin:80 - create IPUIPlugin
2024-02-15 11:33:18,259 [INFO] PluginManager:220 - loadIPPluginJar : add ltdc
2024-02-15 11:33:18,265 [INFO] IPUIPlugin:80 - create IPUIPlugin
2024-02-15 11:33:18,265 [INFO] PluginManager:220 - loadIPPluginJar : add mdma
2024-02-15 11:33:18,268 [INFO] IPUIPlugin:80 - create IPUIPlugin
2024-02-15 11:33:18,268 [INFO] PluginManager:220 - loadIPPluginJar : add nvic
2024-02-15 11:33:18,270 [INFO] IPUIPlugin:80 - create IPUIPlugin
2024-02-15 11:33:18,270 [INFO] PluginManager:220 - loadIPPluginJar : add opamp
2024-02-15 11:33:18,273 [INFO] IPUIPlugin:80 - create IPUIPlugin
2024-02-15 11:33:18,273 [INFO] PluginManager:220 - loadIPPluginJar : add openamp
2024-02-15 11:33:18,277 [INFO] IPUIPlugin:80 - create IPUIPlugin
2024-02-15 11:33:18,277 [INFO] PluginManager:220 - loadIPPluginJar : add pdm2pcm
2024-02-15 11:33:18,281 [INFO] IPUIPlugin:80 - create IPUIPlugin
2024-02-15 11:33:18,283 [INFO] PluginManager:220 - loadIPPluginJar : add plateformsettings
2024-02-15 11:33:18,284 [INFO] IPUIPlugin:80 - create IPUIPlugin
2024-02-15 11:33:18,284 [INFO] PluginManager:220 - loadIPPluginJar : add quadspi
2024-02-15 11:33:18,288 [INFO] IPUIPlugin:80 - create IPUIPlugin
2024-02-15 11:33:18,289 [INFO] PluginManager:220 - loadIPPluginJar : add resmgrutility
2024-02-15 11:33:18,290 [INFO] IPUIPlugin:80 - create IPUIPlugin
2024-02-15 11:33:18,290 [INFO] PluginManager:220 - loadIPPluginJar : add sai
2024-02-15 11:33:18,293 [INFO] IPUIPlugin:80 - create IPUIPlugin
2024-02-15 11:33:18,294 [INFO] PluginManager:220 - loadIPPluginJar : add spi
2024-02-15 11:33:18,297 [INFO] IPUIPlugin:80 - create IPUIPlugin
2024-02-15 11:33:18,297 [INFO] PluginManager:220 - loadIPPluginJar : add stm32_wpan
2024-02-15 11:33:18,298 [INFO] IPUIPlugin:80 - create IPUIPlugin
2024-02-15 11:33:18,298 [INFO] PluginManager:220 - loadIPPluginJar : add tim
2024-02-15 11:33:18,300 [INFO] IPUIPlugin:80 - create IPUIPlugin
2024-02-15 11:33:18,300 [INFO] PluginManager:220 - loadIPPluginJar : add touchsensing
2024-02-15 11:33:18,302 [INFO] IPUIPlugin:80 - create IPUIPlugin
2024-02-15 11:33:18,302 [INFO] PluginManager:220 - loadIPPluginJar : add tracer_emb
2024-02-15 11:33:18,303 [INFO] IPUIPlugin:80 - create IPUIPlugin
2024-02-15 11:33:18,303 [INFO] PluginManager:220 - loadIPPluginJar : add ts
2024-02-15 11:33:18,305 [INFO] IPUIPlugin:80 - create IPUIPlugin
2024-02-15 11:33:18,305 [INFO] PluginManager:220 - loadIPPluginJar : add tsc
2024-02-15 11:33:18,307 [INFO] IPUIPlugin:80 - create IPUIPlugin
2024-02-15 11:33:18,307 [INFO] PluginManager:220 - loadIPPluginJar : add ucpd
2024-02-15 11:33:18,308 [INFO] IPUIPlugin:80 - create IPUIPlugin
2024-02-15 11:33:18,308 [INFO] PluginManager:220 - loadIPPluginJar : add usart
2024-02-15 11:33:18,311 [INFO] IPUIPlugin:80 - create IPUIPlugin
2024-02-15 11:33:18,311 [INFO] PluginManager:220 - loadIPPluginJar : add usbx
2024-02-15 11:33:18,428 [INFO] CADModel:165 - CPN selected for project level
2024-02-15 11:33:18,428 [INFO] CADModel:114 - Register for checkConnection events
2024-02-15 11:33:18,428 [FATAL] Updater:308 - Updater called before beeing initialized
2024-02-15 11:33:18,429 [ERROR] CADModel:125 - Updater not yet initialized, retry later 
2024-02-15 11:33:18,558 [INFO] CADModel:165 - CPN selected for project level
2024-02-15 11:33:18,558 [INFO] CADModel:114 - Register for checkConnection events
2024-02-15 11:33:18,558 [FATAL] Updater:308 - Updater called before beeing initialized
2024-02-15 11:33:18,558 [ERROR] CADModel:125 - Updater not yet initialized, retry later 
2024-02-15 11:33:18,560 [FATAL] Updater:308 - Updater called before beeing initialized
2024-02-15 11:33:18,659 [FATAL] Updater:308 - Updater called before beeing initialized
2024-02-15 11:33:18,663 [INFO] DbMcusAds:53 - JSON generation date=Wed Nov 29 12:52:27 EET 2023 (1701255147200)
2024-02-15 11:33:18,664 [FATAL] Updater:308 - Updater called before beeing initialized
2024-02-15 11:33:18,700 [WARN] DetailPanel:346 - Failed to get advertising image, set to default
2024-02-15 11:33:18,787 [FATAL] Updater:308 - Updater called before beeing initialized
2024-02-15 11:33:18,789 [FATAL] Updater:308 - Updater called before beeing initialized
2024-02-15 11:33:18,790 [FATAL] Updater:308 - Updater called before beeing initialized
2024-02-15 11:33:18,790 [WARN] DetailPanel:346 - Failed to get advertising image, set to default
2024-02-15 11:33:18,790 [FATAL] Updater:308 - Updater called before beeing initialized
2024-02-15 11:33:18,836 [ERROR] Updater:1120 - MainUpdater not yet initialized. External WinMGr cannot be set.
2024-02-15 11:33:18,838 [INFO] Updater:1056 - Updater Version found : 6.10.0
2024-02-15 11:33:18,860 [INFO] ApplicationProperties:184 - Using Application install path: C:\ST\STM32CubeIDE_1.12.1\STM32CubeIDE\plugins\com.st.stm32cube.common.mx_6.10.0.202311202037
2024-02-15 11:33:19,357 [INFO] MainUpdater:2873 - connection check result : 10
2024-02-15 11:33:19,357 [INFO] MainUpdater:3567 - Updater definition file requires update
2024-02-15 11:33:19,358 [INFO] MainUpdater:290 - Updater Check For Update Now.
2024-02-15 11:33:19,358 [INFO] MicroXplorer:498 - Change Database Version : DB.6.0.100
2024-02-15 11:33:19,362 [INFO] McuFinderGlobals:63 - Set McuFinder mode to 2 (CubeIDE integrated)
2024-02-15 11:33:19,366 [INFO] UserAuth:404 - Internet connection configuration mode: 1
2024-02-15 11:33:19,379 [INFO] JxBrowserEngine:152 - Initiate JxBrowser Engine with user profile folder
2024-02-15 11:33:19,655 [INFO] ServerAccessManage:473 - Download File updaters.zip
2024-02-15 11:33:19,755 [INFO] FileExtend:240 - Unzip File : updaters.zip
2024-02-15 11:33:19,755 [INFO] FileExtend:255 - Standard Zip Deflate
2024-02-15 11:33:19,954 [INFO] WebApp:161 - Instantiating new browser for Auth
2024-02-15 11:33:20,137 [INFO] ServerAccessManage:473 - Download File PacksControlFlags.xml
2024-02-15 11:33:20,197 [INFO] ServerAccessManage:473 - Download File cubemx.pidx
2024-02-15 11:33:20,279 [INFO] LoadServerUpdatesThread:375 - End of LoadServerUpdate Thread
2024-02-15 11:33:20,444 [INFO] CheckServerUpdateThread:120 - End of CheckServer Thread
2024-02-15 11:33:20,529 [INFO] WebApp:780 - Register for checkConnection events
2024-02-15 11:33:20,529 [INFO] WebApp:414 - Apply proxy settings
2024-02-15 11:33:20,529 [INFO] WebApp:499 - Chromium requires no authentication
2024-02-15 11:33:20,536 [INFO] WebApp:442 - Direct internet connection detected
2024-02-15 11:33:20,705 [INFO] WebApp:192 - Starting web application
2024-02-15 11:33:20,705 [INFO] WebApp:544 - Web application path used C:\ST\STM32CubeIDE_1.12.1\STM32CubeIDE\plugins\com.st.stm32cube.common.mx_6.10.0.202311202037\db\plugins\mcufinder\reactClient1\index.html
2024-02-15 11:33:20,981 [WARN] PackLoader:240 - Cannot read IP mode file for STMicroelectronics.X-CUBE-SMBUS.2.1.0
2024-02-15 11:33:20,992 [WARN] PackLoader:240 - Cannot read IP mode file for STMicroelectronics.X-CUBE-TOUCHGFX.4.23.0
2024-02-15 11:33:21,109 [WARN] PackLoader:240 - Cannot read IP mode file for STMicroelectronics.X-CUBE-AZRTOS-F7.1.1.0
2024-02-15 11:33:21,122 [ERROR] RealEvaluatedCondition:428 - Found unsupported composite condition: CLASS='Data Exchange' GROUP='STM32_MetaDataManager'
2024-02-15 11:33:21,122 [ERROR] RealEvaluatedCondition:428 - Found unsupported composite condition: GROUP='STM32_MetaDataManager' CLASS='Data Exchange'
2024-02-15 11:33:21,124 [WARN] PackLoader:240 - Cannot read IP mode file for STMicroelectronics.FP-SNS-MOTENV1.4.3.0
2024-02-15 11:33:21,136 [WARN] PackLoader:240 - Cannot read IP mode file for STMicroelectronics.FP-SNS-MOTENV1.4.3.2
2024-02-15 11:33:21,143 [WARN] PackLoader:240 - Cannot read IP mode file for STMicroelectronics.FP-SNS-FLIGHT1.5.0.0
2024-02-15 11:33:21,149 [ERROR] RealEvaluatedCondition:428 - Found unsupported composite condition: GROUP='STM32_MetaDataManager' CLASS='Data Exchange'
2024-02-15 11:33:21,149 [ERROR] RealEvaluatedCondition:428 - Found unsupported composite condition: GROUP='STM32_MetaDataManager' CLASS='Data Exchange'
2024-02-15 11:33:21,150 [WARN] PackLoader:240 - Cannot read IP mode file for STMicroelectronics.FP-SNS-MOTENV1.4.3.1
2024-02-15 11:33:21,158 [WARN] PackLoader:240 - Cannot read IP mode file for STMicroelectronics.FP-SNS-FLIGHT1.5.0.1
2024-02-15 11:33:21,168 [WARN] PackLoader:240 - Cannot read IP mode file for STMicroelectronics.X-CUBE-BLE1.6.2.4
2024-02-15 11:33:21,176 [WARN] PackLoader:240 - Cannot read IP mode file for STMicroelectronics.FP-SNS-FLIGHT1.5.0.2
2024-02-15 11:33:21,187 [WARN] PackLoader:240 - Cannot read IP mode file for STMicroelectronics.X-CUBE-DISPLAY.3.0.0
2024-02-15 11:33:21,204 [WARN] PackLoader:240 - Cannot read IP mode file for STMicroelectronics.X-CUBE-BLE1.7.0.0
2024-02-15 11:33:21,249 [WARN] PackLoader:240 - Cannot read IP mode file for STMicroelectronics.X-CUBE-TOUCHGFX.4.22.0
2024-02-15 11:33:21,291 [WARN] PackLoader:240 - Cannot read IP mode file for STMicroelectronics.X-CUBE-TOUCHGFX.4.22.1
2024-02-15 11:33:21,332 [WARN] PackLoader:240 - Cannot read IP mode file for STMicroelectronics.FP-SNS-SMARTAG2.1.2.0
2024-02-15 11:33:21,346 [INFO] LogOutputStream:77 - [STDOUT_REDIRECT] 1 : Invalid condition id : UX_CORESTACK_Condition cause : null
2024-02-15 11:33:21,347 [INFO] LogOutputStream:77 - [STDOUT_REDIRECT] 1 : Invalid condition id : UX_CORESTACK_Condition cause : null
2024-02-15 11:33:21,350 [INFO] LogOutputStream:77 - [STDOUT_REDIRECT] 1 : Invalid condition id : UX_CORESTACK_Condition cause : null
2024-02-15 11:33:21,352 [INFO] LogOutputStream:77 - [STDOUT_REDIRECT] 1 : Invalid condition id : UX_CORESTACK_Condition cause : null
2024-02-15 11:33:21,353 [INFO] LogOutputStream:77 - [STDOUT_REDIRECT] 1 : Invalid condition id : UX_CORESTACK_Condition cause : null
2024-02-15 11:33:21,358 [WARN] PackLoader:240 - Cannot read IP mode file for STMicroelectronics.X-CUBE-AZRTOS-WL.2.0.0
2024-02-15 11:33:21,368 [WARN] PackLoader:240 - Cannot read IP mode file for WES.I-CUBE-Cesium.1.3.0
2024-02-15 11:33:21,375 [WARN] PackLoader:240 - Cannot read IP mode file for STMicroelectronics.X-CUBE-BLE2.3.3.0
2024-02-15 11:33:21,382 [WARN] PackLoader:240 - Cannot read IP mode file for STMicroelectronics.X-CUBE-TOUCHGFX.4.21.4
2024-02-15 11:33:21,423 [WARN] PackLoader:240 - Cannot read IP mode file for STMicroelectronics.X-CUBE-ALGOBUILD.1.3.0
2024-02-15 11:33:21,446 [WARN] PackLoader:240 - Cannot read IP mode file for STMicroelectronics.X-CUBE-AZRTOS-G0.1.1.0
2024-02-15 11:33:21,459 [WARN] PackLoader:240 - Cannot read IP mode file for STMicroelectronics.X-CUBE-NFC4.3.0.0
2024-02-15 11:33:21,474 [WARN] PackLoader:240 - Cannot read IP mode file for STMicroelectronics.X-CUBE-BLEMGR.3.0.0
2024-02-15 11:33:21,484 [WARN] PackLoader:240 - Cannot read IP mode file for STMicroelectronics.FP-ATR-SIGFOX1.3.2.0
2024-02-15 11:33:21,491 [WARN] PackLoader:240 - Cannot read IP mode file for STMicroelectronics.X-CUBE-EEPRMA1.5.1.0
2024-02-15 11:33:21,541 [WARN] PackLoader:240 - Cannot read IP mode file for SEGGER.I-CUBE-embOS.1.3.1
2024-02-15 11:33:21,605 [WARN] PackLoader:240 - Cannot read IP mode file for STMicroelectronics.X-CUBE-GNSS1.6.0.0
2024-02-15 11:33:21,624 [WARN] PackLoader:240 - Cannot read IP mode file for STMicroelectronics.X-CUBE-AZRTOS-F4.1.1.0
2024-02-15 11:33:21,634 [WARN] PackLoader:240 - Cannot read IP mode file for wolfSSL.I-CUBE-wolfSSL.5.6.0
2024-02-15 11:33:21,653 [WARN] PackLoader:240 - Cannot read IP mode file for STMicroelectronics.X-CUBE-AZRTOS-L5.2.0.0
2024-02-15 11:33:21,696 [WARN] PackLoader:240 - Cannot read IP mode file for STMicroelectronics.X-CUBE-MEMS1.9.6.0
2024-02-15 11:33:21,843 [WARN] PackLoader:240 - Cannot read IP mode file for STMicroelectronics.X-CUBE-EEPRMA1.4.2.0
2024-02-15 11:33:21,852 [WARN] PackLoader:240 - Cannot read IP mode file for ITTIA_DB.I-CUBE-ITTIADB.8.8.0
2024-02-15 11:33:21,862 [WARN] PackLoader:240 - Cannot read IP mode file for emotas.I-CUBE-CANOPEN.1.1.3
2024-02-15 11:33:21,869 [WARN] PackLoader:240 - Cannot read IP mode file for STMicroelectronics.X-CUBE-BLEMGR.2.0.0
2024-02-15 11:33:21,891 [WARN] ConditionMgr:438 - getConditionDescription Invalid condition id : UX DEVICE CLASS RTOS Condition cause : null
2024-02-15 11:33:21,891 [WARN] ConditionMgr:438 - getConditionDescription Invalid condition id : UX DEVICE CLASS RTOS Condition cause : null
2024-02-15 11:33:21,894 [WARN] PackLoader:240 - Cannot read IP mode file for STMicroelectronics.X-CUBE-AZRTOS-H7.3.1.0
2024-02-15 11:33:21,896 [WARN] ConditionMgr:1039 - genDependencies : Invalid condition id : UX DEVICE CLASS RTOS Condition cause : null
2024-02-15 11:33:21,897 [WARN] ConditionMgr:1039 - genDependencies : Invalid condition id : UX DEVICE CLASS RTOS Condition cause : null
2024-02-15 11:33:21,898 [WARN] ConditionMgr:1039 - genDependencies : Invalid condition id : UX DEVICE CLASS RTOS Condition cause : null
2024-02-15 11:33:21,899 [WARN] ConditionMgr:1039 - genDependencies : Invalid condition id : UX DEVICE CLASS RTOS Condition cause : null
2024-02-15 11:33:21,899 [WARN] ConditionMgr:1039 - genDependencies : Invalid condition id : UX DEVICE CLASS RTOS Condition cause : null
2024-02-15 11:33:21,908 [WARN] PackLoader:240 - Cannot read IP mode file for STMicroelectronics.X-CUBE-NFC7.1.0.1
2024-02-15 11:33:21,914 [WARN] PackLoader:240 - Cannot read IP mode file for STMicroelectronics.X-CUBE-NFC7.1.0.0
2024-02-15 11:33:21,925 [WARN] PackLoader:240 - Cannot read IP mode file for STMicroelectronics.X-CUBE-NFC6.3.0.0
2024-02-15 11:33:21,935 [WARN] PackLoader:240 - Cannot read IP mode file for STMicroelectronics.X-CUBE-EEPRMA1.4.1.0
2024-02-15 11:33:21,943 [WARN] PackLoader:240 - Cannot read IP mode file for STMicroelectronics.X-CUBE-AI.8.1.0
2024-02-15 11:33:21,962 [WARN] ConditionMgr:438 - getConditionDescription Invalid condition id : LAN8742 Phy interface Condition cause : null
2024-02-15 11:33:21,962 [WARN] PackLoader:240 - Cannot read IP mode file for STMicroelectronics.X-CUBE-AZRTOS-L4.2.0.0
2024-02-15 11:33:21,964 [WARN] ConditionMgr:1039 - genDependencies : Invalid condition id : LAN8742 Phy interface Condition cause : null
2024-02-15 11:33:21,965 [WARN] ConditionMgr:1039 - genDependencies : Invalid condition id : LAN8742 Phy interface Condition cause : null
2024-02-15 11:33:21,965 [WARN] ConditionMgr:1039 - genDependencies : Invalid condition id : LAN8742 Phy interface Condition cause : null
2024-02-15 11:33:21,973 [WARN] PackLoader:240 - Cannot read IP mode file for STMicroelectronics.X-CUBE-SFXS2LP1.4.0.0
2024-02-15 11:33:21,980 [WARN] PackLoader:240 - Cannot read IP mode file for STMicroelectronics.X-CUBE-ISPU.1.1.0
2024-02-15 11:33:21,994 [WARN] ConditionMgr:438 - getConditionDescription Invalid condition id : UX DEVICE CLASS RTOS Condition cause : null
2024-02-15 11:33:21,995 [WARN] ConditionMgr:438 - getConditionDescription Invalid condition id : UX DEVICE CLASS RTOS Condition cause : null
2024-02-15 11:33:21,997 [WARN] PackLoader:240 - Cannot read IP mode file for STMicroelectronics.X-CUBE-AZRTOS-WB.2.0.0
2024-02-15 11:33:21,998 [WARN] ConditionMgr:1039 - genDependencies : Invalid condition id : UX DEVICE CLASS RTOS Condition cause : null
2024-02-15 11:33:21,998 [WARN] ConditionMgr:1039 - genDependencies : Invalid condition id : UX DEVICE CLASS RTOS Condition cause : null
2024-02-15 11:33:21,998 [WARN] ConditionMgr:1039 - genDependencies : Invalid condition id : UX DEVICE CLASS RTOS Condition cause : null
2024-02-15 11:33:21,998 [WARN] ConditionMgr:1039 - genDependencies : Invalid condition id : UX DEVICE CLASS RTOS Condition cause : null
2024-02-15 11:33:21,998 [WARN] ConditionMgr:1039 - genDependencies : Invalid condition id : UX DEVICE CLASS RTOS Condition cause : null
2024-02-15 11:33:22,006 [WARN] PackLoader:240 - Cannot read IP mode file for STMicroelectronics.X-CUBE-FREERTOS.1.0.1
2024-02-15 11:33:22,021 [WARN] PackLoader:240 - Cannot read IP mode file for STMicroelectronics.X-CUBE-AZRTOS-L5.1.1.0
2024-02-15 11:33:22,029 [WARN] PackLoader:240 - Cannot read IP mode file for STMicroelectronics.X-CUBE-AI.8.0.1
2024-02-15 11:33:22,042 [WARN] PackLoader:240 - Cannot read IP mode file for STMicroelectronics.X-CUBE-SUBG2.5.0.0
2024-02-15 11:33:22,057 [WARN] PackLoader:240 - Cannot read IP mode file for STMicroelectronics.X-CUBE-TOF1.3.3.1
2024-02-15 11:33:22,080 [WARN] PackLoader:240 - Cannot read IP mode file for STMicroelectronics.X-CUBE-AZRTOS-G4.2.0.0
2024-02-15 11:33:22,095 [WARN] PackLoader:240 - Cannot read IP mode file for STMicroelectronics.X-CUBE-TOF1.3.3.0
2024-02-15 11:33:22,116 [WARN] PackLoader:240 - Cannot read IP mode file for Infineon.AIROC-Wi-Fi-Bluetooth-STM32.1.5.1
2024-02-15 11:33:22,125 [WARN] PackLoader:240 - Cannot read IP mode file for STMicroelectronics.FP-SNS-MOTENVWB1.1.3.1
2024-02-15 11:33:22,141 [WARN] PackLoader:240 - Cannot read IP mode file for STMicroelectronics.X-CUBE-AZRTOS-L4.1.0.0
2024-02-15 11:33:22,151 [WARN] PackLoader:240 - Cannot read IP mode file for STMicroelectronics.X-CUBE-ISPU.2.0.0
2024-02-15 11:33:22,187 [WARN] PackLoader:240 - Cannot read IP mode file for STMicroelectronics.X-CUBE-MEMS1.10.0.0
2024-02-15 11:33:22,291 [WARN] PackLoader:240 - Cannot read IP mode file for STMicroelectronics.X-CUBE-FREERTOS.1.1.0
2024-02-15 11:33:22,302 [WARN] PackLoader:240 - Cannot read IP mode file for STMicroelectronics.X-CUBE-AZRTOS-WL.1.0.0
2024-02-15 11:33:22,313 [WARN] PackLoader:240 - Cannot read IP mode file for portGmbH.I-Cube-SoM-uGOAL.1.1.0
2024-02-15 11:33:22,351 [WARN] PackLoader:240 - Cannot read IP mode file for STMicroelectronics.X-CUBE-ALS.1.0.1
2024-02-15 11:33:22,364 [WARN] PackLoader:240 - Cannot read IP mode file for STMicroelectronics.X-CUBE-AZRTOS-WB.1.1.0
2024-02-15 11:33:22,371 [WARN] PackLoader:240 - Cannot read IP mode file for STMicroelectronics.FP-ATR-ASTRA1.2.0.0
2024-02-15 11:33:22,382 [WARN] PackLoader:240 - Cannot read IP mode file for STMicroelectronics.X-CUBE-TOF1.3.4.0
2024-02-15 11:33:22,410 [WARN] PackLoader:240 - Cannot read IP mode file for STMicroelectronics.X-CUBE-AZRTOS-H7.3.2.0
2024-02-15 11:33:22,414 [INFO] ThirdParty:978 - Integrity check success = true
2024-02-15 11:33:22,414 [INFO] IntegrityCheckThread:100 - exiting critical section [integrity check]
2024-02-15 11:33:22,414 [INFO] IntegrityCheckThread:103 - End integrity checks thread
2024-02-15 11:33:23,574 [ERROR] LogOutputStream:75 - [STDERR_REDIRECT] 
