Change Component Footprint: Designator=C5 Old Footprint=FP-ECQ-E2224JFW-MFG New Footprint=FP-ECQ-E2224JFW-MFG
Change Component Footprint: Designator=LED1 Old Footprint=Type 3mm New Footprint=Type 3mm
Change Component Footprint: Designator=LED2 Old Footprint=Type 3mm New Footprint=Type 3mm
Change Component Footprint: Designator=L1 Old Footprint=WE-PD2_1054 New Footprint=WE-PD2_1054
Change Component Footprint: Designator=L3 Old Footprint=WE-PD2_1054 New Footprint=WE-PD2_1054
Change Component Footprint: Designator=L5 Old Footprint=WE-PD2_1054 New Footprint=WE-PD2_1054
Change Component Footprint: Designator=L6 Old Footprint=WE-PD2_1054 New Footprint=WE-PD2_1054
Change Component Footprint: Designator=L7 Old Footprint=WE-PD2_1054 New Footprint=WE-PD2_1054
Change Component Footprint: Designator=L8 Old Footprint=WE-PD2_1054 New Footprint=WE-PD2_1054
Change Component Footprint: Designator=L9 Old Footprint=WE-PD2_1054 New Footprint=WE-PD2_1054
Change Component Footprint: Designator=L10 Old Footprint=WE-PD2_1054 New Footprint=WE-PD2_1054
Change Component Comment : Designator=R17 Old Comment=1K New Comment=
Change Component Comment : Designator=R19 Old Comment=1K New Comment=
Change Component Comment : Designator=R26 Old Comment=1K New Comment=
Change Component Comment : Designator=R33 Old Comment=1K New Comment=
Change Component Comment : Designator=R45 Old Comment=1K New Comment=
Change Component Comment : Designator=R59 Old Comment=1K New Comment=
Change Component Comment : Designator=R88 Old Comment=1K New Comment=
Change Component Comment : Designator=R108 Old Comment=1K New Comment=
Change Component Comment : Designator=R9 Old Comment=10K New Comment=
Change Component Comment : Designator=R12 Old Comment=10 K New Comment=
Change Component Comment : Designator=R13 Old Comment=10 K New Comment=
Change Component Comment : Designator=R14 Old Comment=10 K New Comment=
Change Component Comment : Designator=R15 Old Comment=10K New Comment=
Change Component Comment : Designator=R16 Old Comment=10K New Comment=
Change Component Comment : Designator=R24 Old Comment=10 K New Comment=
Change Component Comment : Designator=R28 Old Comment=10K New Comment=
Change Component Comment : Designator=R29 Old Comment=10K New Comment=
Change Component Comment : Designator=R34 Old Comment=10 K New Comment=
Change Component Comment : Designator=R54 Old Comment=10K New Comment=
Change Component Comment : Designator=R56 Old Comment=10K New Comment=
Change Component Comment : Designator=R97 Old Comment=10K New Comment=
Change Component Comment : Designator=R98 Old Comment=10K New Comment=
Change Component Comment : Designator=R30 Old Comment=10 OHM New Comment=
Change Component Comment : Designator=R32 Old Comment=10 OHM New Comment=
Change Component Comment : Designator=R57 Old Comment=10 OHM New Comment=
Change Component Comment : Designator=R58 Old Comment=10 OHM New Comment=
Change Component Comment : Designator=R103 Old Comment=10 OHM New Comment=
Change Component Comment : Designator=R107 Old Comment=10 OHM New Comment=
Change Component Comment : Designator=R60 Old Comment=33K New Comment=
Change Component Comment : Designator=R62 Old Comment=33K New Comment=
Change Component Comment : Designator=R78 Old Comment=33K New Comment=
Change Component Comment : Designator=R83 Old Comment=33K New Comment=
Change Component Comment : Designator=R85 Old Comment=33K New Comment=
Change Component Comment : Designator=R87 Old Comment=33K New Comment=
Change Component Comment : Designator=R94 Old Comment=33K New Comment=
Change Component Comment : Designator=R104 Old Comment=33K New Comment=
Change Component Comment : Designator=R114 Old Comment=33K New Comment=
Change Component Comment : Designator=R118 Old Comment=33K New Comment=
Change Component Comment : Designator=R10 Old Comment=47K New Comment=
Change Component Comment : Designator=R18 Old Comment=100 New Comment=
Change Component Comment : Designator=R20 Old Comment=100 New Comment=
Change Component Comment : Designator=R7 Old Comment=100 K New Comment=RC0805FR-07100KL
Change Component Comment : Designator=R2 Old Comment=220 New Comment=
Change Component Comment : Designator=R3 Old Comment=220 New Comment=
Change Component Comment : Designator=R4 Old Comment=220 New Comment=
Change Component Comment : Designator=R5 Old Comment=220 New Comment=
Change Component Comment : Designator=R6 Old Comment=220 New Comment=
Change Component Comment : Designator=R21 Old Comment=220 New Comment=
Change Component Comment : Designator=R31 Old Comment=220 New Comment=
Change Component Comment : Designator=R90 Old Comment=RC0805FR-07100KL New Comment=
Change Component Comment : Designator=R91 Old Comment=RC0805FR-07100KL New Comment=
Change Component Comment : Designator=R92 Old Comment=RC0805FR-07100KL New Comment=
Change Component Comment : Designator=R93 Old Comment=RC0805FR-07100KL New Comment=
Change Component Comment : Designator=R95 Old Comment=RC0805FR-07100KL New Comment=
Change Component Comment : Designator=R96 Old Comment=RC0805FR-07100KL New Comment=
Change Component Comment : Designator=R99 Old Comment=RC0805FR-07100KL New Comment=
Change Component Comment : Designator=R100 Old Comment=RC0805FR-07100KL New Comment=
Change Component Comment : Designator=R101 Old Comment=RC0805FR-07100KL New Comment=
Change Component Comment : Designator=R102 Old Comment=RC0805FR-07100KL New Comment=
Change Component Comment : Designator=R105 Old Comment=RC0805FR-07100KL New Comment=
Change Component Comment : Designator=R106 Old Comment=RC0805FR-07100KL New Comment=
Change Component Comment : Designator=R109 Old Comment=RC0805FR-07100KL New Comment=
Change Component Comment : Designator=R110 Old Comment=RC0805FR-07100KL New Comment=
Change Component Comment : Designator=R111 Old Comment=RC0805FR-07100KL New Comment=
Change Component Comment : Designator=R112 Old Comment=RC0805FR-07100KL New Comment=
Change Component Comment : Designator=R113 Old Comment=RC0805FR-07100KL New Comment=
Change Component Comment : Designator=R115 Old Comment=RC0805FR-07100KL New Comment=
Change Component Comment : Designator=R119 Old Comment=RC0805FR-07100KL New Comment=
Change Component Comment : Designator=R120 Old Comment=RC0805FR-07100KL New Comment=
Change Component Description : Designator=R7 Old Description=100 K New Description=
Change Component Library : Designator=R2 Old Library=Res_Yageo_RC0805FR-07100KL_eec.SchLib New Library=reees.IntLib
Change Component Library : Designator=R3 Old Library=Res_Yageo_RC0805FR-07100KL_eec.SchLib New Library=reees.IntLib
Change Component Library : Designator=R4 Old Library=Res_Yageo_RC0805FR-07100KL_eec.SchLib New Library=reees.IntLib
Change Component Library : Designator=R5 Old Library=Res_Yageo_RC0805FR-07100KL_eec.SchLib New Library=reees.IntLib
Change Component Library : Designator=R6 Old Library=Res_Yageo_RC0805FR-07100KL_eec.SchLib New Library=reees.IntLib
Change Component Library : Designator=R15 Old Library=Res_Yageo_RC0805FR-07100KL_eec.SchLib New Library=reees.IntLib
Change Component Library : Designator=R16 Old Library=Res_Yageo_RC0805FR-07100KL_eec.SchLib New Library=reees.IntLib
Change Component Library : Designator=R18 Old Library=Res_Yageo_RC0805FR-07100KL_eec.SchLib New Library=reees.IntLib
Change Component Library : Designator=R20 Old Library=Res_Yageo_RC0805FR-07100KL_eec.SchLib New Library=reees.IntLib
Change Component Library : Designator=R21 Old Library=Res_Yageo_RC0805FR-07100KL_eec.SchLib New Library=reees.IntLib
Change Component Library : Designator=R31 Old Library=Res_Yageo_RC0805FR-07100KL_eec.SchLib New Library=reees.IntLib
Added Component: Designator=R11(Yageo_RC0805_IPC_A)
Added Component: Designator=R23(Yageo_RC0805_IPC_A)
Added Component: Designator=R37(Yageo_RC0805_IPC_A)
Added Component: Designator=R73(Yageo_RC0805_IPC_A)
Added Component: Designator=R121(Yageo_RC0805_IPC_A)
Added Pin To Net: NetName=NetR11_1 Pin=R11-1
Added Pin To Net: NetName=NetR8_1 Pin=R11-2
Added Pin To Net: NetName=GND_2 Pin=R23-1
Added Pin To Net: NetName=NetR23_2 Pin=R23-2
Added Pin To Net: NetName=GND Pin=R37-1
Added Pin To Net: NetName=NetC37_1 Pin=R37-2
Added Pin To Net: NetName=GND Pin=R73-1
Added Pin To Net: NetName=NetC37_1 Pin=R73-2
Added Pin To Net: NetName=GND Pin=R121-1
Added Pin To Net: NetName=NetC37_1 Pin=R121-2
Added Member To Class: ClassName=PMSM_Driver Member=Component R11
Added Member To Class: ClassName=PMSM_Driver Member=Component R23
Added Member To Class: ClassName=PMSM_Driver Member=Component R37
Added Member To Class: ClassName=PMSM_Driver Member=Component R73
Added Member To Class: ClassName=PMSM_Driver Member=Component R121
