Added Component: Designator=P15(61900311121)
Add component (AddParameter): Name = "ComponentLink1Description"; Value = "Manufacturer"; VariantName = "[No Variations]"
Add component (AddParameter): Name = "ComponentLink1URL"; Value = "http://www.we-online.de"; VariantName = "[No Variations]"
Add component (AddParameter): Name = "ComponentLink2Description"; Value = "Datasheet"; VariantName = "[No Variations]"
Add component (AddParameter): Name = "ComponentLink2URL"; Value = "https://www.we-online.com/catalog/datasheet/61900311121.pdf"; VariantName = "[No Variations]"
Add component (AddParameter): Name = "Contact Resistance"; Value = "20mOhm"; VariantName = "[No Variations]"
Add component (AddParameter): Name = "Gender"; Value = "Male"; VariantName = "[No Variations]"
Add component (AddParameter): Name = "Mounting Technology"; Value = "THT"; VariantName = "[No Variations]"
Add component (AddParameter): Name = "Operating Temperature"; Value = "-40 to +105degC"; VariantName = "[No Variations]"
Add component (AddParameter): Name = "Packaging"; Value = "Bag"; VariantName = "[No Variations]"
Add component (AddParameter): Name = "Part Number"; Value = "61900311121"; VariantName = "[No Variations]"
Add component (AddParameter): Name = "Pin Number"; Value = "3"; VariantName = "[No Variations]"
Add component (AddParameter): Name = "Pitch"; Value = "2.54mm"; VariantName = "[No Variations]"
Add component (AddParameter): Name = "Published Date"; Value = "January 2020"; VariantName = "[No Variations]"
Add component (AddParameter): Name = "Publisher"; Value = "Wurth Elektronik"; VariantName = "[No Variations]"
Add component (AddParameter): Name = "Rated Current"; Value = "3A"; VariantName = "[No Variations]"
Add component (AddParameter): Name = "Type"; Value = "Vertical"; VariantName = "[No Variations]"
Add component (AddParameter): Name = "Withstanding Voltage"; Value = "1000VAC"; VariantName = "[No Variations]"
Add component (AddParameter): Name = "Working Voltage"; Value = "250VAC"; VariantName = "[No Variations]"
Added Component: Designator=R125(Yageo_RC0805_IPC_A)
Added Component: Designator=R126(Yageo_RC0805_IPC_A)
Added Pin To Net: NetName=GND Pin=P15-1
Added Pin To Net: NetName=NetP15_2 Pin=P15-2
Added Pin To Net: NetName=+5V Pin=P15-3
Added Pin To Net: NetName=NetR125_1 Pin=R125-1
Added Pin To Net: NetName=NetP15_2 Pin=R125-2
Added Pin To Net: NetName=NetR125_1 Pin=R126-1
Added Pin To Net: NetName=GND Pin=R126-2
Added Member To Class: ClassName=PMSM_Driver Member=Component P15 61900311121
Added Member To Class: ClassName=PMSM_Driver Member=Component R125
Added Member To Class: ClassName=PMSM_Driver Member=Component R126
Added Room: Name=PMSM_Driver
