Added Component: Designator=D21(8-SOIC)
Add component (AddParameter): Name = "ComponentDescription"; Value = "Микросхема сдвоенный ОУ, LMV358AIDR, 8-SOIC"; VariantName = "[No Variations]"
Add component (AddParameter): Name = "ComponentTypе"; Value = "Микросхема сдвоенный ОУ"; VariantName = "[No Variations]"
Add component (AddParameter): Name = "Package"; Value = "8-SOIC"; VariantName = "[No Variations]"
Added Pin To Net: NetName=NetD21_1 Pin=D21-1
Added Pin To Net: NetName=NetD21_2 Pin=D21-2
Added Pin To Net: NetName=NetD21_3 Pin=D21-3
Added Pin To Net: NetName=GND Pin=D21-4
Added Pin To Net: NetName=NetD21_5 Pin=D21-5
Added Pin To Net: NetName=NetD21_6 Pin=D21-6
Added Pin To Net: NetName=NetD21_7 Pin=D21-7
Added Pin To Net: NetName=+5V Pin=D21-8
Added Pin To Net: NetName=NetD21_7 Pin=R93-2
Added Pin To Net: NetName=GND Pin=R106-1
Added Pin To Net: NetName=NetD21_3 Pin=R106-2
Added Pin To Net: NetName=NetD21_6 Pin=R113-1
Added Pin To Net: NetName=+5V Pin=R113-2
Added Pin To Net: NetName=GND Pin=R119-1
Added Pin To Net: NetName=NetD21_6 Pin=R119-2
Added Member To Class: ClassName=PMSM_Driver Member=Component D21 LMV358AIDR
