Removed Pin From Net: NetName=NetC37_1 Pin=C37-1
Removed Pin From Net: NetName=NetC37_1 Pin=C67-1
Removed Pin From Net: NetName=NetC37_1 Pin=R35-1
Removed Pin From Net: NetName=NetC37_1 Pin=R37-2
Removed Pin From Net: NetName=NetC37_1 Pin=R63-1
Removed Pin From Net: NetName=NetC37_1 Pin=R73-2
Removed Pin From Net: NetName=NetC37_1 Pin=TP42-1
Removed Pin From Net: NetName=NetC37_1 Pin=TP70-1
Change Net Name : Old Net Name=NetC37_1 New Net Name=NetC77_1
Added Pin To Net: NetName=NetC37_1 Pin=C37-1
Added Pin To Net: NetName=NetC37_1 Pin=R35-1
Added Pin To Net: NetName=NetC37_1 Pin=R37-2
Added Pin To Net: NetName=NetC37_1 Pin=R39-2
Added Pin To Net: NetName=NetC37_1 Pin=TP42-1
Added Net: Name=NetC37_1
Added Pin To Net: NetName=NetC67_1 Pin=C67-1
Added Pin To Net: NetName=NetC67_1 Pin=R40-2
Added Pin To Net: NetName=NetC67_1 Pin=R63-1
Added Pin To Net: NetName=NetC67_1 Pin=R73-2
Added Pin To Net: NetName=NetC67_1 Pin=TP70-1
Added Net: Name=NetC67_1
Added Room: Name=PMSM_Driver
